{"C:\\Users\\Josh\\Desktop\\job-search\\src\\api\\getJobs.js": {"path":"C:\\Users\\Josh\\Desktop\\job-search\\src\\api\\getJobs.js","statementMap":{"0":{"start":{"line":2,"column":16},"end":{"line":6,"column":1}},"1":{"start":{"line":3,"column":18},"end":{"line":3,"column":45}},"2":{"start":{"line":4,"column":19},"end":{"line":4,"column":53}},"3":{"start":{"line":5,"column":2},"end":{"line":5,"column":23}}},"fnMap":{"0":{"name":"(anonymous_0)","decl":{"start":{"line":2,"column":16},"end":{"line":2,"column":17}},"loc":{"start":{"line":2,"column":28},"end":{"line":6,"column":1}},"line":2}},"branchMap":{},"s":{"0":5,"1":2,"2":2,"3":2},"f":{"0":2},"b":{},"_coverageSchema":"1a1c01bbd47fc00a2c39e90264f33305004495a9","hash":"8a92398fdf12a2bede4e1bba55f197961af82298"}
,"C:\\Users\\Josh\\Desktop\\job-search\\src\\components\\JobResults\\JobListing.vue": {"path":"C:\\Users\\Josh\\Desktop\\job-search\\src\\components\\JobResults\\JobListing.vue","statementMap":{"0":{"start":{"line":54,"column":15},"end":{"line":54,"column":null}},"1":{"start":{"line":64,"column":6},"end":{"line":64,"column":14}}},"fnMap":{"0":{"name":"(anonymous_0)","decl":{"start":{"line":63,"column":4},"end":{"line":63,"column":15}},"loc":{"start":{"line":63,"column":18},"end":{"line":65,"column":null}}}},"branchMap":{},"s":{"0":2,"1":5},"f":{"0":5},"b":{}}
,"C:\\Users\\Josh\\Desktop\\job-search\\src\\components\\Navigation\\ProfileImage.vue": {"path":"C:\\Users\\Josh\\Desktop\\job-search\\src\\components\\Navigation\\ProfileImage.vue","statementMap":{"0":{"start":{"line":5,"column":15},"end":{"line":5,"column":null}},"1":{"start":{"line":8,"column":4},"end":{"line":8,"column":11}}},"fnMap":{"0":{"name":"(anonymous_0)","decl":{"start":{"line":7,"column":2},"end":{"line":7,"column":6}},"loc":{"start":{"line":7,"column":9},"end":{"line":12,"column":null}}}},"branchMap":{},"s":{"0":2,"1":1},"f":{"0":1},"b":{}}
,"C:\\Users\\Josh\\Desktop\\job-search\\src\\components\\Navigation\\Subnav.vue": {"path":"C:\\Users\\Josh\\Desktop\\job-search\\src\\components\\Navigation\\Subnav.vue","statementMap":{"0":{"start":{"line":15,"column":15},"end":{"line":15,"column":null}},"1":{"start":{"line":19,"column":6},"end":{"line":19,"column":13}}},"fnMap":{"0":{"name":"(anonymous_0)","decl":{"start":{"line":18,"column":4},"end":{"line":18,"column":19}},"loc":{"start":{"line":18,"column":22},"end":{"line":20,"column":null}}}},"branchMap":{},"s":{"0":2,"1":2},"f":{"0":2},"b":{}}
,"C:\\Users\\Josh\\Desktop\\job-search\\src\\components\\Shared\\Accordion.vue": {"path":"C:\\Users\\Josh\\Desktop\\job-search\\src\\components\\Shared\\Accordion.vue","statementMap":{"0":{"start":{"line":19,"column":15},"end":{"line":19,"column":null}},"1":{"start":{"line":28,"column":4},"end":{"line":28,"column":11}},"2":{"start":{"line":34,"column":6},"end":{"line":34,"column":13}},"3":{"start":{"line":39,"column":6},"end":{"line":39,"column":11}}},"fnMap":{"0":{"name":"(anonymous_0)","decl":{"start":{"line":27,"column":2},"end":{"line":27,"column":6}},"loc":{"start":{"line":27,"column":9},"end":{"line":31,"column":null}}},"1":{"name":"(anonymous_1)","decl":{"start":{"line":33,"column":4},"end":{"line":33,"column":13}},"loc":{"start":{"line":33,"column":16},"end":{"line":35,"column":null}}},"2":{"name":"(anonymous_2)","decl":{"start":{"line":38,"column":4},"end":{"line":38,"column":8}},"loc":{"start":{"line":38,"column":11},"end":{"line":40,"column":null}}}},"branchMap":{"0":{"loc":{"start":{"line":34,"column":13},"end":{"line":34,"column":50}},"type":"cond-expr","locations":[{"start":{"line":34,"column":27},"end":{"line":34,"column":28}},{"start":{"line":34,"column":49},"end":{"line":34,"column":50}}]}},"s":{"0":2,"1":3,"2":6,"3":3},"f":{"0":3,"1":6,"2":3},"b":{"0":[3,3]}}
,"C:\\Users\\Josh\\Desktop\\job-search\\src\\components\\Shared\\ActionButton.vue": {"path":"C:\\Users\\Josh\\Desktop\\job-search\\src\\components\\Shared\\ActionButton.vue","statementMap":{"0":{"start":{"line":7,"column":15},"end":{"line":7,"column":null}},"1":{"start":{"line":19,"column":8},"end":{"line":19,"column":15}},"2":{"start":{"line":25,"column":6},"end":{"line":25,"column":13}}},"fnMap":{"0":{"name":"(anonymous_0)","decl":{"start":{"line":18,"column":6},"end":{"line":18,"column":15}},"loc":{"start":{"line":18,"column":23},"end":{"line":20,"column":null}}},"1":{"name":"(anonymous_1)","decl":{"start":{"line":24,"column":4},"end":{"line":24,"column":15}},"loc":{"start":{"line":24,"column":18},"end":{"line":28,"column":null}}}},"branchMap":{},"s":{"0":3,"1":7,"2":3},"f":{"0":7,"1":3},"b":{}}
,"C:\\Users\\Josh\\Desktop\\job-search\\src\\components\\Shared\\HeaderContainer.vue": {"path":"C:\\Users\\Josh\\Desktop\\job-search\\src\\components\\Shared\\HeaderContainer.vue","statementMap":{"0":{"start":{"line":10,"column":15},"end":{"line":10,"column":null}}},"fnMap":{},"branchMap":{},"s":{"0":1},"f":{},"b":{}}
,"C:\\Users\\Josh\\Desktop\\job-search\\src\\components\\Shared\\TextInput.vue": {"path":"C:\\Users\\Josh\\Desktop\\job-search\\src\\components\\Shared\\TextInput.vue","statementMap":{"0":{"start":{"line":11,"column":15},"end":{"line":11,"column":null}},"1":{"start":{"line":27,"column":6},"end":{"line":27,"column":11}}},"fnMap":{"0":{"name":"(anonymous_0)","decl":{"start":{"line":26,"column":4},"end":{"line":26,"column":15}},"loc":{"start":{"line":26,"column":24},"end":{"line":28,"column":null}}}},"branchMap":{},"s":{"0":2,"1":5},"f":{"0":5},"b":{}}
,"C:\\Users\\Josh\\Desktop\\job-search\\src\\store\\index.js": {"path":"C:\\Users\\Josh\\Desktop\\job-search\\src\\store\\index.js","statementMap":{"0":{"start":{"line":4,"column":26},"end":{"line":4,"column":38}},"1":{"start":{"line":5,"column":28},"end":{"line":5,"column":42}},"2":{"start":{"line":6,"column":26},"end":{"line":6,"column":38}},"3":{"start":{"line":7,"column":36},"end":{"line":7,"column":58}},"4":{"start":{"line":8,"column":42},"end":{"line":8,"column":70}},"5":{"start":{"line":9,"column":46},"end":{"line":9,"column":78}},"6":{"start":{"line":11,"column":21},"end":{"line":17,"column":1}},"7":{"start":{"line":12,"column":2},"end":{"line":16,"column":4}},"8":{"start":{"line":18,"column":25},"end":{"line":28,"column":1}},"9":{"start":{"line":20,"column":4},"end":{"line":20,"column":28}},"10":{"start":{"line":23,"column":4},"end":{"line":23,"column":22}},"11":{"start":{"line":26,"column":4},"end":{"line":26,"column":48}},"12":{"start":{"line":30,"column":23},"end":{"line":41,"column":1}},"13":{"start":{"line":32,"column":32},"end":{"line":32,"column":41}},"14":{"start":{"line":33,"column":4},"end":{"line":33,"column":75}},"15":{"start":{"line":33,"column":32},"end":{"line":33,"column":73}},"16":{"start":{"line":34,"column":4},"end":{"line":34,"column":31}},"17":{"start":{"line":37,"column":4},"end":{"line":39,"column":6}},"18":{"start":{"line":38,"column":6},"end":{"line":38,"column":60}},"19":{"start":{"line":43,"column":23},"end":{"line":48,"column":1}},"20":{"start":{"line":45,"column":24},"end":{"line":45,"column":39}},"21":{"start":{"line":46,"column":4},"end":{"line":46,"column":46}},"22":{"start":{"line":50,"column":14},"end":{"line":56,"column":2}}},"fnMap":{"0":{"name":"(anonymous_0)","decl":{"start":{"line":11,"column":21},"end":{"line":11,"column":22}},"loc":{"start":{"line":11,"column":27},"end":{"line":17,"column":1}},"line":11},"1":{"name":"(anonymous_1)","decl":{"start":{"line":19,"column":2},"end":{"line":19,"column":3}},"loc":{"start":{"line":19,"column":22},"end":{"line":21,"column":3}},"line":19},"2":{"name":"(anonymous_2)","decl":{"start":{"line":22,"column":2},"end":{"line":22,"column":3}},"loc":{"start":{"line":22,"column":30},"end":{"line":24,"column":3}},"line":22},"3":{"name":"(anonymous_3)","decl":{"start":{"line":25,"column":2},"end":{"line":25,"column":3}},"loc":{"start":{"line":25,"column":53},"end":{"line":27,"column":3}},"line":25},"4":{"name":"(anonymous_4)","decl":{"start":{"line":31,"column":2},"end":{"line":31,"column":3}},"loc":{"start":{"line":31,"column":32},"end":{"line":35,"column":3}},"line":31},"5":{"name":"(anonymous_5)","decl":{"start":{"line":33,"column":23},"end":{"line":33,"column":24}},"loc":{"start":{"line":33,"column":32},"end":{"line":33,"column":73}},"line":33},"6":{"name":"(anonymous_6)","decl":{"start":{"line":36,"column":2},"end":{"line":36,"column":3}},"loc":{"start":{"line":36,"column":42},"end":{"line":40,"column":3}},"line":36},"7":{"name":"(anonymous_7)","decl":{"start":{"line":37,"column":29},"end":{"line":37,"column":30}},"loc":{"start":{"line":38,"column":6},"end":{"line":38,"column":60}},"line":38},"8":{"name":"(anonymous_8)","decl":{"start":{"line":44,"column":16},"end":{"line":44,"column":17}},"loc":{"start":{"line":44,"column":35},"end":{"line":47,"column":3}},"line":44}},"branchMap":{},"s":{"0":4,"1":4,"2":4,"3":4,"4":4,"5":4,"6":4,"7":7,"8":4,"9":1,"10":1,"11":1,"12":4,"13":1,"14":1,"15":3,"16":1,"17":0,"18":0,"19":4,"20":2,"21":2,"22":4},"f":{"0":7,"1":1,"2":1,"3":1,"4":1,"5":3,"6":0,"7":0,"8":2},"b":{},"_coverageSchema":"1a1c01bbd47fc00a2c39e90264f33305004495a9","hash":"414d9b56227d4567b1b8e8173a2fd6856efc9bd4"}
,"C:\\Users\\Josh\\Desktop\\job-search\\src\\utils\\nextElementInList.js": {"path":"C:\\Users\\Josh\\Desktop\\job-search\\src\\utils\\nextElementInList.js","statementMap":{"0":{"start":{"line":1,"column":26},"end":{"line":6,"column":1}},"1":{"start":{"line":2,"column":29},"end":{"line":2,"column":48}},"2":{"start":{"line":3,"column":25},"end":{"line":3,"column":63}},"3":{"start":{"line":4,"column":20},"end":{"line":4,"column":40}},"4":{"start":{"line":5,"column":2},"end":{"line":5,"column":19}}},"fnMap":{"0":{"name":"(anonymous_0)","decl":{"start":{"line":1,"column":26},"end":{"line":1,"column":27}},"loc":{"start":{"line":1,"column":43},"end":{"line":6,"column":1}},"line":1}},"branchMap":{},"s":{"0":2,"1":5,"2":5,"3":5,"4":5},"f":{"0":5},"b":{},"_coverageSchema":"1a1c01bbd47fc00a2c39e90264f33305004495a9","hash":"62b1996d7be78027df3db60d35c4e56a0d57fe75"}
}
