{"C:\\Users\\Josh\\Desktop\\job-search\\src\\api\\getJobs.js": {"path":"C:\\Users\\Josh\\Desktop\\job-search\\src\\api\\getJobs.js","statementMap":{"0":{"start":{"line":2,"column":16},"end":{"line":6,"column":1}},"1":{"start":{"line":3,"column":18},"end":{"line":3,"column":45}},"2":{"start":{"line":4,"column":19},"end":{"line":4,"column":53}},"3":{"start":{"line":5,"column":2},"end":{"line":5,"column":23}}},"fnMap":{"0":{"name":"(anonymous_0)","decl":{"start":{"line":2,"column":16},"end":{"line":2,"column":17}},"loc":{"start":{"line":2,"column":28},"end":{"line":6,"column":1}},"line":2}},"branchMap":{},"s":{"0":4,"1":2,"2":2,"3":2},"f":{"0":2},"b":{},"_coverageSchema":"1a1c01bbd47fc00a2c39e90264f33305004495a9","hash":"8a92398fdf12a2bede4e1bba55f197961af82298"}
,"C:\\Users\\Josh\\Desktop\\job-search\\src\\components\\JobResults\\JobListing.vue": {"path":"C:\\Users\\Josh\\Desktop\\job-search\\src\\components\\JobResults\\JobListing.vue","statementMap":{"0":{"start":{"line":54,"column":15},"end":{"line":54,"column":null}},"1":{"start":{"line":64,"column":6},"end":{"line":64,"column":14}}},"fnMap":{"0":{"name":"(anonymous_0)","decl":{"start":{"line":63,"column":4},"end":{"line":63,"column":15}},"loc":{"start":{"line":63,"column":18},"end":{"line":65,"column":null}}}},"branchMap":{},"s":{"0":2,"1":5},"f":{"0":5},"b":{}}
,"C:\\Users\\Josh\\Desktop\\job-search\\src\\components\\Navigation\\ProfileImage.vue": {"path":"C:\\Users\\Josh\\Desktop\\job-search\\src\\components\\Navigation\\ProfileImage.vue","statementMap":{"0":{"start":{"line":5,"column":15},"end":{"line":5,"column":null}},"1":{"start":{"line":8,"column":4},"end":{"line":8,"column":11}}},"fnMap":{"0":{"name":"(anonymous_0)","decl":{"start":{"line":7,"column":2},"end":{"line":7,"column":6}},"loc":{"start":{"line":7,"column":9},"end":{"line":12,"column":null}}}},"branchMap":{},"s":{"0":2,"1":1},"f":{"0":1},"b":{}}
,"C:\\Users\\Josh\\Desktop\\job-search\\src\\components\\Navigation\\Subnav.vue": {"path":"C:\\Users\\Josh\\Desktop\\job-search\\src\\components\\Navigation\\Subnav.vue","statementMap":{"0":{"start":{"line":15,"column":15},"end":{"line":15,"column":null}},"1":{"start":{"line":19,"column":6},"end":{"line":19,"column":13}}},"fnMap":{"0":{"name":"(anonymous_0)","decl":{"start":{"line":18,"column":4},"end":{"line":18,"column":19}},"loc":{"start":{"line":18,"column":22},"end":{"line":20,"column":null}}}},"branchMap":{},"s":{"0":2,"1":2},"f":{"0":2},"b":{}}
,"C:\\Users\\Josh\\Desktop\\job-search\\src\\components\\Shared\\ActionButton.vue": {"path":"C:\\Users\\Josh\\Desktop\\job-search\\src\\components\\Shared\\ActionButton.vue","statementMap":{"0":{"start":{"line":7,"column":15},"end":{"line":7,"column":null}},"1":{"start":{"line":19,"column":8},"end":{"line":19,"column":15}},"2":{"start":{"line":25,"column":6},"end":{"line":25,"column":13}}},"fnMap":{"0":{"name":"(anonymous_0)","decl":{"start":{"line":18,"column":6},"end":{"line":18,"column":15}},"loc":{"start":{"line":18,"column":23},"end":{"line":20,"column":null}}},"1":{"name":"(anonymous_1)","decl":{"start":{"line":24,"column":4},"end":{"line":24,"column":15}},"loc":{"start":{"line":24,"column":18},"end":{"line":28,"column":null}}}},"branchMap":{},"s":{"0":3,"1":7,"2":3},"f":{"0":7,"1":3},"b":{}}
,"C:\\Users\\Josh\\Desktop\\job-search\\src\\components\\Shared\\TextInput.vue": {"path":"C:\\Users\\Josh\\Desktop\\job-search\\src\\components\\Shared\\TextInput.vue","statementMap":{"0":{"start":{"line":11,"column":15},"end":{"line":11,"column":null}},"1":{"start":{"line":27,"column":6},"end":{"line":27,"column":11}}},"fnMap":{"0":{"name":"(anonymous_0)","decl":{"start":{"line":26,"column":4},"end":{"line":26,"column":15}},"loc":{"start":{"line":26,"column":24},"end":{"line":28,"column":null}}}},"branchMap":{},"s":{"0":2,"1":5},"f":{"0":5},"b":{}}
,"C:\\Users\\Josh\\Desktop\\job-search\\src\\store\\index.js": {"path":"C:\\Users\\Josh\\Desktop\\job-search\\src\\store\\index.js","statementMap":{"0":{"start":{"line":4,"column":26},"end":{"line":4,"column":38}},"1":{"start":{"line":5,"column":28},"end":{"line":5,"column":42}},"2":{"start":{"line":6,"column":26},"end":{"line":6,"column":38}},"3":{"start":{"line":8,"column":21},"end":{"line":13,"column":1}},"4":{"start":{"line":9,"column":2},"end":{"line":12,"column":4}},"5":{"start":{"line":14,"column":25},"end":{"line":21,"column":1}},"6":{"start":{"line":16,"column":4},"end":{"line":16,"column":28}},"7":{"start":{"line":19,"column":4},"end":{"line":19,"column":22}},"8":{"start":{"line":22,"column":23},"end":{"line":27,"column":1}},"9":{"start":{"line":24,"column":24},"end":{"line":24,"column":39}},"10":{"start":{"line":25,"column":4},"end":{"line":25,"column":46}},"11":{"start":{"line":29,"column":14},"end":{"line":34,"column":2}}},"fnMap":{"0":{"name":"(anonymous_0)","decl":{"start":{"line":8,"column":21},"end":{"line":8,"column":22}},"loc":{"start":{"line":8,"column":27},"end":{"line":13,"column":1}},"line":8},"1":{"name":"(anonymous_1)","decl":{"start":{"line":15,"column":2},"end":{"line":15,"column":3}},"loc":{"start":{"line":15,"column":22},"end":{"line":17,"column":3}},"line":15},"2":{"name":"(anonymous_2)","decl":{"start":{"line":18,"column":2},"end":{"line":18,"column":3}},"loc":{"start":{"line":18,"column":30},"end":{"line":20,"column":3}},"line":18},"3":{"name":"(anonymous_3)","decl":{"start":{"line":23,"column":16},"end":{"line":23,"column":17}},"loc":{"start":{"line":23,"column":35},"end":{"line":26,"column":3}},"line":23}},"branchMap":{},"s":{"0":3,"1":3,"2":3,"3":3,"4":5,"5":3,"6":1,"7":1,"8":3,"9":2,"10":2,"11":3},"f":{"0":5,"1":1,"2":1,"3":2},"b":{},"_coverageSchema":"1a1c01bbd47fc00a2c39e90264f33305004495a9","hash":"bc2bb516b55aef454dbb05c2c761521157e92a34"}
,"C:\\Users\\Josh\\Desktop\\job-search\\src\\utils\\nextElementInList.js": {"path":"C:\\Users\\Josh\\Desktop\\job-search\\src\\utils\\nextElementInList.js","statementMap":{"0":{"start":{"line":1,"column":26},"end":{"line":6,"column":1}},"1":{"start":{"line":2,"column":29},"end":{"line":2,"column":48}},"2":{"start":{"line":3,"column":25},"end":{"line":3,"column":63}},"3":{"start":{"line":4,"column":20},"end":{"line":4,"column":40}},"4":{"start":{"line":5,"column":2},"end":{"line":5,"column":19}}},"fnMap":{"0":{"name":"(anonymous_0)","decl":{"start":{"line":1,"column":26},"end":{"line":1,"column":27}},"loc":{"start":{"line":1,"column":43},"end":{"line":6,"column":1}},"line":1}},"branchMap":{},"s":{"0":2,"1":5,"2":5,"3":5,"4":5},"f":{"0":5},"b":{},"_coverageSchema":"1a1c01bbd47fc00a2c39e90264f33305004495a9","hash":"62b1996d7be78027df3db60d35c4e56a0d57fe75"}
}
